<?xml version="1.0" encoding="UTF-8"?>
<testng-results ignored="0" total="1" passed="1" failed="0" skipped="0">
  <reporter-output>
  </reporter-output>
  <suite started-at="2022-08-07T10:25:27 IST" name="Default suite" finished-at="2022-08-07T10:25:32 IST" duration-ms="4881">
    <groups>
    </groups>
    <test started-at="2022-08-07T10:25:27 IST" name="Default test" finished-at="2022-08-07T10:25:32 IST" duration-ms="4881">
      <class name="seralizationandseseralization.PostOperation">
        <test-method signature="tc1()[pri:0, instance:seralizationandseseralization.PostOperation@6b8ca3c8]" started-at="2022-08-07T10:25:27 IST" name="tc1" finished-at="2022-08-07T10:25:32 IST" duration-ms="4784" status="PASS">
          <reporter-output>
          </reporter-output>
        </test-method> <!-- tc1 -->
      </class> <!-- seralizationandseseralization.PostOperation -->
    </test> <!-- Default test -->
  </suite> <!-- Default suite -->
</testng-results>
